-------------------------------------------------------------------------------
Test set: IntegrationTest
-------------------------------------------------------------------------------
Tests run: 1, Failures: 0, Errors: 1, Skipped: 0, Time elapsed: 3.046 s <<< FAILURE! - in IntegrationTest
test(IntegrationTest)  Time elapsed: 0.005 s  <<< ERROR!
org.hibernate.service.spi.ServiceException: Unable to create requested service [org.hibernate.engine.jdbc.env.spi.JdbcEnvironment]
	at IntegrationTest.<init>(IntegrationTest.java:20)
Caused by: org.hibernate.exception.JDBCConnectionException: Error calling Driver#connect
	at IntegrationTest.<init>(IntegrationTest.java:20)
Caused by: com.mysql.cj.jdbc.exceptions.CommunicationsException: 
Communications link failure

The last packet sent successfully to the server was 0 milliseconds ago. The driver has not received any packets from the server.
	at IntegrationTest.<init>(IntegrationTest.java:20)
Caused by: com.mysql.cj.exceptions.CJCommunicationsException: 
Communications link failure

The last packet sent successfully to the server was 0 milliseconds ago. The driver has not received any packets from the server.
	at IntegrationTest.<init>(IntegrationTest.java:20)
Caused by: java.net.ConnectException: Connection refused: connect
	at IntegrationTest.<init>(IntegrationTest.java:20)

