-------------------------------------------------------------------------------
Test set: model.repositories.RoleRepositoryTestCase
-------------------------------------------------------------------------------
Tests run: 6, Failures: 0, Errors: 6, Skipped: 0, Time elapsed: 12.125 s <<< FAILURE! - in model.repositories.RoleRepositoryTestCase
testGetById(model.repositories.RoleRepositoryTestCase)  Time elapsed: 4.033 s  <<< ERROR!
org.hibernate.service.spi.ServiceException: Unable to create requested service [org.hibernate.engine.jdbc.env.spi.JdbcEnvironment]
	at model.repositories.RoleRepositoryTestCase.testGetById(RoleRepositoryTestCase.java:30)
Caused by: org.hibernate.exception.JDBCConnectionException: Error calling Driver#connect
	at model.repositories.RoleRepositoryTestCase.testGetById(RoleRepositoryTestCase.java:30)
Caused by: com.mysql.cj.jdbc.exceptions.CommunicationsException: 
Communications link failure

The last packet sent successfully to the server was 0 milliseconds ago. The driver has not received any packets from the server.
	at model.repositories.RoleRepositoryTestCase.testGetById(RoleRepositoryTestCase.java:30)
Caused by: com.mysql.cj.exceptions.CJCommunicationsException: 
Communications link failure

The last packet sent successfully to the server was 0 milliseconds ago. The driver has not received any packets from the server.
	at model.repositories.RoleRepositoryTestCase.testGetById(RoleRepositoryTestCase.java:30)
Caused by: java.net.ConnectException: Connection refused: connect
	at model.repositories.RoleRepositoryTestCase.testGetById(RoleRepositoryTestCase.java:30)

testGetById(model.repositories.RoleRepositoryTestCase)  Time elapsed: 4.034 s  <<< ERROR!
org.hibernate.service.spi.ServiceException: Unable to create requested service [org.hibernate.engine.jdbc.env.spi.JdbcEnvironment]
	at model.repositories.RoleRepositoryTestCase.deleteRole(RoleRepositoryTestCase.java:18)
Caused by: org.hibernate.exception.JDBCConnectionException: Error calling Driver#connect
	at model.repositories.RoleRepositoryTestCase.deleteRole(RoleRepositoryTestCase.java:18)
Caused by: com.mysql.cj.jdbc.exceptions.CommunicationsException: 
Communications link failure

The last packet sent successfully to the server was 0 milliseconds ago. The driver has not received any packets from the server.
	at model.repositories.RoleRepositoryTestCase.deleteRole(RoleRepositoryTestCase.java:18)
Caused by: com.mysql.cj.exceptions.CJCommunicationsException: 
Communications link failure

The last packet sent successfully to the server was 0 milliseconds ago. The driver has not received any packets from the server.
	at model.repositories.RoleRepositoryTestCase.deleteRole(RoleRepositoryTestCase.java:18)
Caused by: java.net.ConnectException: Connection refused: connect
	at model.repositories.RoleRepositoryTestCase.deleteRole(RoleRepositoryTestCase.java:18)

testSaveAndDeletePermission(model.repositories.RoleRepositoryTestCase)  Time elapsed: 4.041 s  <<< ERROR!
org.hibernate.service.spi.ServiceException: Unable to create requested service [org.hibernate.engine.jdbc.env.spi.JdbcEnvironment]
	at model.repositories.RoleRepositoryTestCase.testSaveAndDeletePermission(RoleRepositoryTestCase.java:48)
Caused by: org.hibernate.exception.JDBCConnectionException: Error calling Driver#connect
	at model.repositories.RoleRepositoryTestCase.testSaveAndDeletePermission(RoleRepositoryTestCase.java:48)
Caused by: com.mysql.cj.jdbc.exceptions.CommunicationsException: 
Communications link failure

The last packet sent successfully to the server was 0 milliseconds ago. The driver has not received any packets from the server.
	at model.repositories.RoleRepositoryTestCase.testSaveAndDeletePermission(RoleRepositoryTestCase.java:48)
Caused by: com.mysql.cj.exceptions.CJCommunicationsException: 
Communications link failure

The last packet sent successfully to the server was 0 milliseconds ago. The driver has not received any packets from the server.
	at model.repositories.RoleRepositoryTestCase.testSaveAndDeletePermission(RoleRepositoryTestCase.java:48)
Caused by: java.net.ConnectException: Connection refused: connect
	at model.repositories.RoleRepositoryTestCase.testSaveAndDeletePermission(RoleRepositoryTestCase.java:48)

testSaveAndDeletePermission(model.repositories.RoleRepositoryTestCase)  Time elapsed: 4.042 s  <<< ERROR!
org.hibernate.service.spi.ServiceException: Unable to create requested service [org.hibernate.engine.jdbc.env.spi.JdbcEnvironment]
	at model.repositories.RoleRepositoryTestCase.deleteRole(RoleRepositoryTestCase.java:18)
Caused by: org.hibernate.exception.JDBCConnectionException: Error calling Driver#connect
	at model.repositories.RoleRepositoryTestCase.deleteRole(RoleRepositoryTestCase.java:18)
Caused by: com.mysql.cj.jdbc.exceptions.CommunicationsException: 
Communications link failure

The last packet sent successfully to the server was 0 milliseconds ago. The driver has not received any packets from the server.
	at model.repositories.RoleRepositoryTestCase.deleteRole(RoleRepositoryTestCase.java:18)
Caused by: com.mysql.cj.exceptions.CJCommunicationsException: 
Communications link failure

The last packet sent successfully to the server was 0 milliseconds ago. The driver has not received any packets from the server.
	at model.repositories.RoleRepositoryTestCase.deleteRole(RoleRepositoryTestCase.java:18)
Caused by: java.net.ConnectException: Connection refused: connect
	at model.repositories.RoleRepositoryTestCase.deleteRole(RoleRepositoryTestCase.java:18)

testUpdateComment(model.repositories.RoleRepositoryTestCase)  Time elapsed: 4.048 s  <<< ERROR!
org.hibernate.service.spi.ServiceException: Unable to create requested service [org.hibernate.engine.jdbc.env.spi.JdbcEnvironment]
	at model.repositories.RoleRepositoryTestCase.testUpdateComment(RoleRepositoryTestCase.java:38)
Caused by: org.hibernate.exception.JDBCConnectionException: Error calling Driver#connect
	at model.repositories.RoleRepositoryTestCase.testUpdateComment(RoleRepositoryTestCase.java:38)
Caused by: com.mysql.cj.jdbc.exceptions.CommunicationsException: 
Communications link failure

The last packet sent successfully to the server was 0 milliseconds ago. The driver has not received any packets from the server.
	at model.repositories.RoleRepositoryTestCase.testUpdateComment(RoleRepositoryTestCase.java:38)
Caused by: com.mysql.cj.exceptions.CJCommunicationsException: 
Communications link failure

The last packet sent successfully to the server was 0 milliseconds ago. The driver has not received any packets from the server.
	at model.repositories.RoleRepositoryTestCase.testUpdateComment(RoleRepositoryTestCase.java:38)
Caused by: java.net.ConnectException: Connection refused: connect
	at model.repositories.RoleRepositoryTestCase.testUpdateComment(RoleRepositoryTestCase.java:38)

testUpdateComment(model.repositories.RoleRepositoryTestCase)  Time elapsed: 4.049 s  <<< ERROR!
org.hibernate.service.spi.ServiceException: Unable to create requested service [org.hibernate.engine.jdbc.env.spi.JdbcEnvironment]
	at model.repositories.RoleRepositoryTestCase.deleteRole(RoleRepositoryTestCase.java:18)
Caused by: org.hibernate.exception.JDBCConnectionException: Error calling Driver#connect
	at model.repositories.RoleRepositoryTestCase.deleteRole(RoleRepositoryTestCase.java:18)
Caused by: com.mysql.cj.jdbc.exceptions.CommunicationsException: 
Communications link failure

The last packet sent successfully to the server was 0 milliseconds ago. The driver has not received any packets from the server.
	at model.repositories.RoleRepositoryTestCase.deleteRole(RoleRepositoryTestCase.java:18)
Caused by: com.mysql.cj.exceptions.CJCommunicationsException: 
Communications link failure

The last packet sent successfully to the server was 0 milliseconds ago. The driver has not received any packets from the server.
	at model.repositories.RoleRepositoryTestCase.deleteRole(RoleRepositoryTestCase.java:18)
Caused by: java.net.ConnectException: Connection refused: connect
	at model.repositories.RoleRepositoryTestCase.deleteRole(RoleRepositoryTestCase.java:18)

