-------------------------------------------------------------------------------
Test set: model.repositories.UserRepositoryTestCase
-------------------------------------------------------------------------------
Tests run: 4, Failures: 0, Errors: 4, Skipped: 0, Time elapsed: 8.07 s <<< FAILURE! - in model.repositories.UserRepositoryTestCase
testSaveAndDeleteUser(model.repositories.UserRepositoryTestCase)  Time elapsed: 0 s  <<< ERROR!
org.hibernate.service.spi.ServiceException: Unable to create requested service [org.hibernate.engine.jdbc.env.spi.JdbcEnvironment]
	at model.repositories.UserRepositoryTestCase.<init>(UserRepositoryTestCase.java:14)
Caused by: org.hibernate.exception.JDBCConnectionException: Error calling Driver#connect
	at model.repositories.UserRepositoryTestCase.<init>(UserRepositoryTestCase.java:14)
Caused by: com.mysql.cj.jdbc.exceptions.CommunicationsException: 
Communications link failure

The last packet sent successfully to the server was 0 milliseconds ago. The driver has not received any packets from the server.
	at model.repositories.UserRepositoryTestCase.<init>(UserRepositoryTestCase.java:14)
Caused by: com.mysql.cj.exceptions.CJCommunicationsException: 
Communications link failure

The last packet sent successfully to the server was 0 milliseconds ago. The driver has not received any packets from the server.
	at model.repositories.UserRepositoryTestCase.<init>(UserRepositoryTestCase.java:14)
Caused by: java.net.ConnectException: Connection refused: connect
	at model.repositories.UserRepositoryTestCase.<init>(UserRepositoryTestCase.java:14)

testUpdateUser(model.repositories.UserRepositoryTestCase)  Time elapsed: 0.001 s  <<< ERROR!
org.hibernate.service.spi.ServiceException: Unable to create requested service [org.hibernate.engine.jdbc.env.spi.JdbcEnvironment]
	at model.repositories.UserRepositoryTestCase.<init>(UserRepositoryTestCase.java:14)
Caused by: org.hibernate.exception.JDBCConnectionException: Error calling Driver#connect
	at model.repositories.UserRepositoryTestCase.<init>(UserRepositoryTestCase.java:14)
Caused by: com.mysql.cj.jdbc.exceptions.CommunicationsException: 
Communications link failure

The last packet sent successfully to the server was 0 milliseconds ago. The driver has not received any packets from the server.
	at model.repositories.UserRepositoryTestCase.<init>(UserRepositoryTestCase.java:14)
Caused by: com.mysql.cj.exceptions.CJCommunicationsException: 
Communications link failure

The last packet sent successfully to the server was 0 milliseconds ago. The driver has not received any packets from the server.
	at model.repositories.UserRepositoryTestCase.<init>(UserRepositoryTestCase.java:14)
Caused by: java.net.ConnectException: Connection refused: connect
	at model.repositories.UserRepositoryTestCase.<init>(UserRepositoryTestCase.java:14)

testGetById(model.repositories.UserRepositoryTestCase)  Time elapsed: 0 s  <<< ERROR!
org.hibernate.service.spi.ServiceException: Unable to create requested service [org.hibernate.engine.jdbc.env.spi.JdbcEnvironment]
	at model.repositories.UserRepositoryTestCase.<init>(UserRepositoryTestCase.java:14)
Caused by: org.hibernate.exception.JDBCConnectionException: Error calling Driver#connect
	at model.repositories.UserRepositoryTestCase.<init>(UserRepositoryTestCase.java:14)
Caused by: com.mysql.cj.jdbc.exceptions.CommunicationsException: 
Communications link failure

The last packet sent successfully to the server was 0 milliseconds ago. The driver has not received any packets from the server.
	at model.repositories.UserRepositoryTestCase.<init>(UserRepositoryTestCase.java:14)
Caused by: com.mysql.cj.exceptions.CJCommunicationsException: 
Communications link failure

The last packet sent successfully to the server was 0 milliseconds ago. The driver has not received any packets from the server.
	at model.repositories.UserRepositoryTestCase.<init>(UserRepositoryTestCase.java:14)
Caused by: java.net.ConnectException: Connection refused: connect
	at model.repositories.UserRepositoryTestCase.<init>(UserRepositoryTestCase.java:14)

testGetByEmail(model.repositories.UserRepositoryTestCase)  Time elapsed: 0 s  <<< ERROR!
org.hibernate.service.spi.ServiceException: Unable to create requested service [org.hibernate.engine.jdbc.env.spi.JdbcEnvironment]
	at model.repositories.UserRepositoryTestCase.<init>(UserRepositoryTestCase.java:14)
Caused by: org.hibernate.exception.JDBCConnectionException: Error calling Driver#connect
	at model.repositories.UserRepositoryTestCase.<init>(UserRepositoryTestCase.java:14)
Caused by: com.mysql.cj.jdbc.exceptions.CommunicationsException: 
Communications link failure

The last packet sent successfully to the server was 0 milliseconds ago. The driver has not received any packets from the server.
	at model.repositories.UserRepositoryTestCase.<init>(UserRepositoryTestCase.java:14)
Caused by: com.mysql.cj.exceptions.CJCommunicationsException: 
Communications link failure

The last packet sent successfully to the server was 0 milliseconds ago. The driver has not received any packets from the server.
	at model.repositories.UserRepositoryTestCase.<init>(UserRepositoryTestCase.java:14)
Caused by: java.net.ConnectException: Connection refused: connect
	at model.repositories.UserRepositoryTestCase.<init>(UserRepositoryTestCase.java:14)

