-------------------------------------------------------------------------------
Test set: model.repositories.BillboardRepositoryTestCase
-------------------------------------------------------------------------------
Tests run: 3, Failures: 0, Errors: 3, Skipped: 0, Time elapsed: 6.063 s <<< FAILURE! - in model.repositories.BillboardRepositoryTestCase
testGetById(model.repositories.BillboardRepositoryTestCase)  Time elapsed: 0 s  <<< ERROR!
org.hibernate.service.spi.ServiceException: Unable to create requested service [org.hibernate.engine.jdbc.env.spi.JdbcEnvironment]
	at model.repositories.BillboardRepositoryTestCase.<init>(BillboardRepositoryTestCase.java:20)
Caused by: org.hibernate.exception.JDBCConnectionException: Error calling Driver#connect
	at model.repositories.BillboardRepositoryTestCase.<init>(BillboardRepositoryTestCase.java:20)
Caused by: com.mysql.cj.jdbc.exceptions.CommunicationsException: 
Communications link failure

The last packet sent successfully to the server was 0 milliseconds ago. The driver has not received any packets from the server.
	at model.repositories.BillboardRepositoryTestCase.<init>(BillboardRepositoryTestCase.java:20)
Caused by: com.mysql.cj.exceptions.CJCommunicationsException: 
Communications link failure

The last packet sent successfully to the server was 0 milliseconds ago. The driver has not received any packets from the server.
	at model.repositories.BillboardRepositoryTestCase.<init>(BillboardRepositoryTestCase.java:20)
Caused by: java.net.ConnectException: Connection refused: connect
	at model.repositories.BillboardRepositoryTestCase.<init>(BillboardRepositoryTestCase.java:20)

testSaveAndDeletePermission(model.repositories.BillboardRepositoryTestCase)  Time elapsed: 0 s  <<< ERROR!
org.hibernate.service.spi.ServiceException: Unable to create requested service [org.hibernate.engine.jdbc.env.spi.JdbcEnvironment]
	at model.repositories.BillboardRepositoryTestCase.<init>(BillboardRepositoryTestCase.java:20)
Caused by: org.hibernate.exception.JDBCConnectionException: Error calling Driver#connect
	at model.repositories.BillboardRepositoryTestCase.<init>(BillboardRepositoryTestCase.java:20)
Caused by: com.mysql.cj.jdbc.exceptions.CommunicationsException: 
Communications link failure

The last packet sent successfully to the server was 0 milliseconds ago. The driver has not received any packets from the server.
	at model.repositories.BillboardRepositoryTestCase.<init>(BillboardRepositoryTestCase.java:20)
Caused by: com.mysql.cj.exceptions.CJCommunicationsException: 
Communications link failure

The last packet sent successfully to the server was 0 milliseconds ago. The driver has not received any packets from the server.
	at model.repositories.BillboardRepositoryTestCase.<init>(BillboardRepositoryTestCase.java:20)
Caused by: java.net.ConnectException: Connection refused: connect
	at model.repositories.BillboardRepositoryTestCase.<init>(BillboardRepositoryTestCase.java:20)

testUpdateComment(model.repositories.BillboardRepositoryTestCase)  Time elapsed: 0.001 s  <<< ERROR!
org.hibernate.service.spi.ServiceException: Unable to create requested service [org.hibernate.engine.jdbc.env.spi.JdbcEnvironment]
	at model.repositories.BillboardRepositoryTestCase.<init>(BillboardRepositoryTestCase.java:20)
Caused by: org.hibernate.exception.JDBCConnectionException: Error calling Driver#connect
	at model.repositories.BillboardRepositoryTestCase.<init>(BillboardRepositoryTestCase.java:20)
Caused by: com.mysql.cj.jdbc.exceptions.CommunicationsException: 
Communications link failure

The last packet sent successfully to the server was 0 milliseconds ago. The driver has not received any packets from the server.
	at model.repositories.BillboardRepositoryTestCase.<init>(BillboardRepositoryTestCase.java:20)
Caused by: com.mysql.cj.exceptions.CJCommunicationsException: 
Communications link failure

The last packet sent successfully to the server was 0 milliseconds ago. The driver has not received any packets from the server.
	at model.repositories.BillboardRepositoryTestCase.<init>(BillboardRepositoryTestCase.java:20)
Caused by: java.net.ConnectException: Connection refused: connect
	at model.repositories.BillboardRepositoryTestCase.<init>(BillboardRepositoryTestCase.java:20)

